<?xml version="1.0" encoding="UTF-8"?>
<!-- Generated by org.testng.reporters.JUnitReportReporter -->
<testsuite hostname="Navdeeps-Laptop.local" failures="0" tests="1" name="voltmoney.voltmoney.CheckoutFormTest" time="1.729" errors="0" timestamp="2024-06-07T06:12:14 IST" skipped="0">
  <testcase classname="voltmoney.voltmoney.CheckoutFormTest" name="testCheckoutForm" time="1.729"/>
</testsuite> <!-- voltmoney.voltmoney.CheckoutFormTest -->
