<?xml version="1.0" encoding="UTF-8"?>
<!-- Generated by org.testng.reporters.JUnitReportReporter -->
<testsuite hostname="Navdeeps-Laptop.local" failures="0" tests="2" name="voltmoney.voltmoney.LoginTest" time="30.932" errors="0" timestamp="2024-06-07T06:12:14 IST" skipped="0">
  <testcase classname="voltmoney.voltmoney.LoginTest" name="testValidLogin" time="0.209"/>
  <testcase classname="voltmoney.voltmoney.LoginTest" name="testInvalidLogin" time="30.723"/>
</testsuite> <!-- voltmoney.voltmoney.LoginTest -->
